[2025-12-03 21:16:12] [STEP] Step 1/8: Checking Prerequisites
[2025-12-03 21:16:12] [SUBSTEP] Operating System: \033[1mmacos\033[0m
[2025-12-03 21:16:12] [SUBSTEP] Checking Python...
[2025-12-03 21:16:12] [SUCCESS] Python 3.14 ✓ (/Library/Frameworks/Python.framework/Versions/3.14/bin/python3)
[2025-12-03 21:16:12] [SUBSTEP] Checking pip...
[2025-12-03 21:16:12] [SUCCESS] pip 25.2 ✓
[2025-12-03 21:16:12] [SUBSTEP] Checking Docker...
[2025-12-03 21:16:12] [SUCCESS] Docker 29.0 ✓
[2025-12-03 21:16:12] [SUCCESS] Docker daemon is running ✓
[2025-12-03 21:16:12] [SUBSTEP] Checking Docker Compose...
[2025-12-03 21:16:12] [SUCCESS] Docker Compose 2.40 ✓
[2025-12-03 21:16:12] [SUBSTEP] Checking Git...
[2025-12-03 21:16:12] [SUCCESS] Git ✓
[2025-12-03 21:16:12] [SUBSTEP] Checking disk space...
[2025-12-03 21:16:12] [SUCCESS] Disk space: GB available ✓
[2025-12-03 21:16:12] [DEBUG] Checkpoint saved: prerequisites
[2025-12-03 21:16:12] [SUCCESS] All prerequisites satisfied!
[2025-12-03 21:16:12] [STEP] Step 2/8: Setting Up Python Virtual Environment
[2025-12-03 21:16:12] [INFO] Virtual environment already exists
[2025-12-03 21:16:12] [SUBSTEP] Activating virtual environment...
[2025-12-03 21:16:12] [SUCCESS] Activated: /Users/imran/desktop/Nexus-Release-Readiness-Bot/venv/bin/python
[2025-12-03 21:16:12] [SUBSTEP] Upgrading pip...
[2025-12-03 21:16:12] [DEBUG] Attempt 1/3: pip install --upgrade pip
./scripts/setup.sh: line 186: timeout: command not found
[2025-12-03 21:16:12] [WARNING] Failed (exit: 127). Retrying in 5s...
[2025-12-03 21:16:17] [DEBUG] Attempt 2/3: pip install --upgrade pip
./scripts/setup.sh: line 186: timeout: command not found
[2025-12-03 21:16:17] [WARNING] Failed (exit: 127). Retrying in 5s...
[2025-12-03 21:16:22] [DEBUG] Attempt 3/3: pip install --upgrade pip
./scripts/setup.sh: line 186: timeout: command not found
[2025-12-03 21:16:22] [ERROR] Failed after 3 attempts: Upgrading pip
[2025-12-03 21:16:22] [SUBSTEP] Installing build tools...
[2025-12-03 21:16:22] [DEBUG] Attempt 1/3: pip install wheel setuptools
./scripts/setup.sh: line 186: timeout: command not found
[2025-12-03 21:16:22] [WARNING] Failed (exit: 127). Retrying in 5s...
[2025-12-03 21:16:27] [DEBUG] Attempt 2/3: pip install wheel setuptools
./scripts/setup.sh: line 186: timeout: command not found
[2025-12-03 21:16:27] [WARNING] Failed (exit: 127). Retrying in 5s...
[2025-12-03 21:16:32] [DEBUG] Attempt 3/3: pip install wheel setuptools
./scripts/setup.sh: line 186: timeout: command not found
[2025-12-03 21:16:32] [ERROR] Failed after 3 attempts: Installing wheel
[2025-12-03 21:16:32] [DEBUG] Checkpoint saved: virtualenv
[2025-12-03 21:16:32] [SUCCESS] Virtual environment ready!
[2025-12-03 21:16:32] [STEP] Step 3/8: Installing Shared Library
[2025-12-03 21:16:32] [SUBSTEP] Installing nexus_lib (editable mode)...
[2025-12-03 21:16:32] [DEBUG] Attempt 1/3: pip install -e '/Users/imran/desktop/Nexus-Release-Readiness-Bot/shared/'
./scripts/setup.sh: line 186: timeout: command not found
[2025-12-03 21:16:32] [WARNING] Failed (exit: 127). Retrying in 5s...
[2025-12-03 21:16:37] [DEBUG] Attempt 2/3: pip install -e '/Users/imran/desktop/Nexus-Release-Readiness-Bot/shared/'
./scripts/setup.sh: line 186: timeout: command not found
[2025-12-03 21:16:37] [WARNING] Failed (exit: 127). Retrying in 5s...
[2025-12-03 21:16:42] [DEBUG] Attempt 3/3: pip install -e '/Users/imran/desktop/Nexus-Release-Readiness-Bot/shared/'
./scripts/setup.sh: line 186: timeout: command not found
[2025-12-03 21:16:42] [ERROR] Failed after 3 attempts: Installing nexus_lib
[2025-12-03 21:16:42] [ERROR] Failed to install nexus_lib
